[2022-04-11T19:18:05] INFO in publish producer_id = 7 and product is Tea(name='Pai Mu Tan', price=9, type='White')
[2022-04-11T19:18:05] INFO publish returns True
[2022-04-11T19:18:05] INFO in publish producer_id = 22 and product is Coffee(name='Robusta', price=3, acidity=5.0, roast_level='MEDIUM')
[2022-04-11T19:18:05] INFO publish returns False
[2022-04-11T19:18:05] INFO in publish producer_id = 30 and product is Coffee(name='Robusta', price=3, acidity=5.0, roast_level='MEDIUM')
[2022-04-11T19:18:05] INFO publish returns False
[2022-04-11T19:18:05] INFO in publish producer_id = 40 and product is Tea(name='White Peach', price=5, type='White')
[2022-04-11T19:18:05] INFO publish returns False
[2022-04-11T19:18:05] INFO in publish producer_id = 24 and product is Coffee(name='Robusta', price=3, acidity=5.0, roast_level='MEDIUM')
[2022-04-11T19:18:05] INFO publish returns False
[2022-04-11T19:18:05] INFO in publish producer_id = 12 and product is Coffee(name='Indonezia', price=1, acidity=5.05, roast_level='MEDIUM')
[2022-04-11T19:18:05] INFO publish returns False
[2022-04-11T19:18:05] INFO in publish producer_id = 26 and product is Coffee(name='Arabica', price=9, acidity=5.02, roast_level='MEDIUM')
[2022-04-11T19:18:05] INFO publish returns False
[2022-04-11T19:18:05] INFO in publish producer_id = 35 and product is Tea(name='Pai Mu Tan', price=9, type='White')
[2022-04-11T19:18:05] INFO publish returns False
[2022-04-11T19:18:05] INFO in publish producer_id = 33 and product is Tea(name='Pai Mu Tan', price=9, type='White')
[2022-04-11T19:18:05] INFO publish returns False
[2022-04-11T19:18:05] INFO in publish producer_id = 28 and product is Tea(name='Pai Mu Tan', price=9, type='White')
[2022-04-11T19:18:05] INFO publish returns False
[2022-04-11T19:18:05] INFO in publish producer_id = 8 and product is Coffee(name='Indonezia', price=1, acidity=5.05, roast_level='MEDIUM')
[2022-04-11T19:18:05] INFO publish returns False
[2022-04-11T19:18:05] INFO in publish producer_id = 14 and product is Coffee(name='Robusta', price=3, acidity=5.0, roast_level='MEDIUM')
[2022-04-11T19:18:05] INFO publish returns False
[2022-04-11T19:18:05] INFO in publish producer_id = 41 and product is Tea(name='Pai Mu Tan', price=9, type='White')
[2022-04-11T19:18:05] INFO publish returns False
[2022-04-11T19:18:05] INFO in publish producer_id = 25 and product is Tea(name='English Breakfast', price=2, type='Black')
[2022-04-11T19:18:05] INFO publish returns False
[2022-04-11T19:18:05] INFO in add_to_cart cart_id = 576 and product = Tea(name='Jasmine', price=6, type='Green')
[2022-04-11T19:18:05] INFO add_to_cart returns False
[2022-04-11T19:18:05] INFO in publish producer_id = 48 and product is Tea(name='White Peach', price=5, type='White')
[2022-04-11T19:18:05] INFO publish returns False
[2022-04-11T19:18:05] INFO in publish producer_id = 45 and product is Coffee(name='Robusta', price=3, acidity=5.0, roast_level='MEDIUM')
[2022-04-11T19:18:05] INFO publish returns False
[2022-04-11T19:18:05] INFO in publish producer_id = 32 and product is Coffee(name='Robusta', price=3, acidity=5.0, roast_level='MEDIUM')
[2022-04-11T19:18:05] INFO publish returns False
[2022-04-11T19:18:05] INFO in publish producer_id = 31 and product is Coffee(name='Ethiopia', price=10, acidity=5.09, roast_level='MEDIUM')
[2022-04-11T19:18:05] INFO publish returns False
[2022-04-11T19:18:05] INFO in publish producer_id = 36 and product is Coffee(name='Arabica', price=9, acidity=5.02, roast_level='MEDIUM')
[2022-04-11T19:18:05] INFO publish returns False
[2022-04-11T19:18:05] INFO in publish producer_id = 6 and product is Coffee(name='Brasil', price=7, acidity=5.09, roast_level='MEDIUM')
[2022-04-11T19:18:05] INFO publish returns False
[2022-04-11T19:18:05] INFO in publish producer_id = 20 and product is Tea(name='White Peach', price=5, type='White')
[2022-04-11T19:18:05] INFO publish returns False
[2022-04-11T19:18:05] INFO in publish producer_id = 47 and product is Coffee(name='Robusta', price=3, acidity=5.0, roast_level='MEDIUM')
[2022-04-11T19:18:05] INFO publish returns False
[2022-04-11T19:18:05] INFO in publish producer_id = 34 and product is Tea(name='English Breakfast', price=2, type='Black')
[2022-04-11T19:18:05] INFO publish returns False
[2022-04-11T19:18:05] INFO in publish producer_id = 44 and product is Coffee(name='Robusta', price=3, acidity=5.0, roast_level='MEDIUM')
[2022-04-11T19:18:05] INFO publish returns False
[2022-04-11T19:18:05] INFO in publish producer_id = 17 and product is Coffee(name='Indonezia', price=1, acidity=5.05, roast_level='MEDIUM')
[2022-04-11T19:18:05] INFO publish returns False
[2022-04-11T19:18:05] INFO in publish producer_id = 25 and product is Tea(name='English Breakfast', price=2, type='Black')
[2022-04-11T19:18:05] INFO publish returns False
[2022-04-11T19:18:05] INFO in publish producer_id = 5 and product is Coffee(name='Robusta', price=3, acidity=5.0, roast_level='MEDIUM')
[2022-04-11T19:18:05] INFO publish returns False
[2022-04-11T19:18:05] INFO in publish producer_id = 43 and product is Coffee(name='Indonezia', price=1, acidity=5.05, roast_level='MEDIUM')
[2022-04-11T19:18:05] INFO publish returns False
[2022-04-11T19:18:05] INFO in publish producer_id = 11 and product is Coffee(name='Arabica', price=9, acidity=5.02, roast_level='MEDIUM')
[2022-04-11T19:18:05] INFO publish returns False
[2022-04-11T19:18:05] INFO in publish producer_id = 37 and product is Coffee(name='Arabica', price=9, acidity=5.02, roast_level='MEDIUM')
[2022-04-11T19:18:05] INFO publish returns False
[2022-04-11T19:18:05] INFO in publish producer_id = 38 and product is Coffee(name='Ethiopia', price=10, acidity=5.09, roast_level='MEDIUM')
[2022-04-11T19:18:05] INFO publish returns False
[2022-04-11T19:18:05] INFO in publish producer_id = 8 and product is Coffee(name='Indonezia', price=1, acidity=5.05, roast_level='MEDIUM')
[2022-04-11T19:18:05] INFO publish returns False
[2022-04-11T19:18:05] INFO in publish producer_id = 48 and product is Tea(name='White Peach', price=5, type='White')
[2022-04-11T19:18:05] INFO publish returns False
[2022-04-11T19:18:05] INFO in publish producer_id = 14 and product is Coffee(name='Robusta', price=3, acidity=5.0, roast_level='MEDIUM')
[2022-04-11T19:18:05] INFO publish returns False
[2022-04-11T19:18:05] INFO in publish producer_id = 0 and product is Tea(name='White Peach', price=5, type='White')
[2022-04-11T19:18:05] INFO publish returns True
[2022-04-11T19:18:05] INFO in publish producer_id = 10 and product is Coffee(name='Robusta', price=3, acidity=5.0, roast_level='MEDIUM')
[2022-04-11T19:18:05] INFO publish returns False
[2022-04-11T19:18:05] INFO in publish producer_id = 13 and product is Tea(name='Vietnam Oolong', price=10, type='Oolong')
[2022-04-11T19:18:05] INFO in publish producer_id = 45 and product is Coffee(name='Robusta', price=3, acidity=5.0, roast_level='MEDIUM')
[2022-04-11T19:18:05] INFO publish returns False
[2022-04-11T19:18:05] INFO publish returns False
[2022-04-11T19:18:05] INFO in publish producer_id = 9 and product is Coffee(name='Brasil', price=7, acidity=5.09, roast_level='MEDIUM')
[2022-04-11T19:18:05] INFO publish returns False
[2022-04-11T19:18:05] INFO in publish producer_id = 25 and product is Tea(name='English Breakfast', price=2, type='Black')
[2022-04-11T19:18:05] INFO publish returns False
[2022-04-11T19:18:05] INFO in publish producer_id = 3 and product is Tea(name='Pai Mu Tan', price=9, type='White')
[2022-04-11T19:18:05] INFO publish returns False
[2022-04-11T19:18:05] INFO in publish producer_id = 2 and product is Tea(name='Pai Mu Tan', price=9, type='White')
[2022-04-11T19:18:05] INFO publish returns True
[2022-04-11T19:18:05] INFO in publish producer_id = 35 and product is Tea(name='Pai Mu Tan', price=9, type='White')
[2022-04-11T19:18:05] INFO publish returns False
[2022-04-11T19:18:05] INFO in publish producer_id = 49 and product is Tea(name='English Breakfast', price=2, type='Black')
[2022-04-11T19:18:05] INFO publish returns False
[2022-04-11T19:18:05] INFO in publish producer_id = 36 and product is Coffee(name='Arabica', price=9, acidity=5.02, roast_level='MEDIUM')
[2022-04-11T19:18:05] INFO publish returns False
[2022-04-11T19:18:05] INFO in publish producer_id = 6 and product is Coffee(name='Brasil', price=7, acidity=5.09, roast_level='MEDIUM')
[2022-04-11T19:18:05] INFO publish returns False
[2022-04-11T19:18:05] INFO in publish producer_id = 33 and product is Tea(name='Pai Mu Tan', price=9, type='White')
[2022-04-11T19:18:05] INFO publish returns False
[2022-04-11T19:18:05] INFO in publish producer_id = 22 and product is Coffee(name='Robusta', price=3, acidity=5.0, roast_level='MEDIUM')
[2022-04-11T19:18:05] INFO publish returns False
[2022-04-11T19:18:05] INFO in publish producer_id = 15 and product is Tea(name='Jasmine', price=6, type='Green')
[2022-04-11T19:18:05] INFO publish returns False
[2022-04-11T19:18:05] INFO in publish producer_id = 27 and product is Coffee(name='Brasil', price=7, acidity=5.09, roast_level='MEDIUM')
[2022-04-11T19:18:05] INFO publish returns False
[2022-04-11T19:18:05] INFO in publish producer_id = 42 and product is Tea(name='English Breakfast', price=2, type='Black')
[2022-04-11T19:18:05] INFO publish returns False
[2022-04-11T19:18:05] INFO in publish producer_id = 44 and product is Coffee(name='Robusta', price=3, acidity=5.0, roast_level='MEDIUM')
[2022-04-11T19:18:05] INFO publish returns False
[2022-04-11T19:18:05] INFO in publish producer_id = 17 and product is Coffee(name='Indonezia', price=1, acidity=5.05, roast_level='MEDIUM')
[2022-04-11T19:18:05] INFO publish returns False
[2022-04-11T19:18:05] INFO in publish producer_id = 23 and product is Coffee(name='Ethiopia', price=10, acidity=5.09, roast_level='MEDIUM')
[2022-04-11T19:18:05] INFO publish returns False
[2022-04-11T19:18:05] INFO in publish producer_id = 48 and product is Tea(name='White Peach', price=5, type='White')
[2022-04-11T19:18:05] INFO in publish producer_id = 25 and product is Tea(name='English Breakfast', price=2, type='Black')
[2022-04-11T19:18:05] INFO publish returns False
[2022-04-11T19:18:05] INFO publish returns False
[2022-04-11T19:18:05] INFO in publish producer_id = 26 and product is Coffee(name='Arabica', price=9, acidity=5.02, roast_level='MEDIUM')
[2022-04-11T19:18:05] INFO publish returns False
[2022-04-11T19:18:05] INFO in publish producer_id = 4 and product is Tea(name='White Peach', price=5, type='White')
[2022-04-11T19:18:05] INFO publish returns False
[2022-04-11T19:18:05] INFO in publish producer_id = 30 and product is Coffee(name='Robusta', price=3, acidity=5.0, roast_level='MEDIUM')
[2022-04-11T19:18:05] INFO publish returns False
[2022-04-11T19:18:05] INFO in publish producer_id = 39 and product is Tea(name='English Breakfast', price=2, type='Black')
[2022-04-11T19:18:05] INFO publish returns False
[2022-04-11T19:18:05] INFO in publish producer_id = 34 and product is Tea(name='English Breakfast', price=2, type='Black')
[2022-04-11T19:18:05] INFO publish returns False
[2022-04-11T19:18:05] INFO in publish producer_id = 1 and product is Tea(name='White Peach', price=5, type='White')
[2022-04-11T19:18:05] INFO publish returns False
[2022-04-11T19:18:05] INFO in publish producer_id = 32 and product is Coffee(name='Robusta', price=3, acidity=5.0, roast_level='MEDIUM')
[2022-04-11T19:18:05] INFO publish returns False
[2022-04-11T19:18:05] INFO in publish producer_id = 8 and product is Coffee(name='Indonezia', price=1, acidity=5.05, roast_level='MEDIUM')
[2022-04-11T19:18:05] INFO publish returns False
[2022-04-11T19:18:05] INFO in publish producer_id = 14 and product is Coffee(name='Robusta', price=3, acidity=5.0, roast_level='MEDIUM')
[2022-04-11T19:18:05] INFO publish returns False
[2022-04-11T19:18:05] INFO in publish producer_id = 45 and product is Coffee(name='Robusta', price=3, acidity=5.0, roast_level='MEDIUM')
[2022-04-11T19:18:05] INFO publish returns False
[2022-04-11T19:18:05] INFO in publish producer_id = 20 and product is Tea(name='White Peach', price=5, type='White')
[2022-04-11T19:18:05] INFO publish returns False
[2022-04-11T19:18:05] INFO in publish producer_id = 29 and product is Coffee(name='Ethiopia', price=10, acidity=5.09, roast_level='MEDIUM')
[2022-04-11T19:18:05] INFO publish returns False
[2022-04-11T19:18:05] INFO in publish producer_id = 36 and product is Coffee(name='Arabica', price=9, acidity=5.02, roast_level='MEDIUM')
[2022-04-11T19:18:05] INFO publish returns False
[2022-04-11T19:18:05] INFO in publish producer_id = 6 and product is Coffee(name='Brasil', price=7, acidity=5.09, roast_level='MEDIUM')
[2022-04-11T19:18:05] INFO publish returns False
[2022-04-11T19:18:05] INFO in publish producer_id = 46 and product is Tea(name='Vietnam Oolong', price=10, type='Oolong')
[2022-04-11T19:18:05] INFO publish returns False
[2022-04-11T19:18:05] INFO in publish producer_id = 16 and product is Tea(name='Pai Mu Tan', price=9, type='White')
[2022-04-11T19:18:05] INFO publish returns False
[2022-04-11T19:18:05] INFO in publish producer_id = 21 and product is Tea(name='White Peach', price=5, type='White')
[2022-04-11T19:18:05] INFO publish returns False
[2022-04-11T19:18:05] INFO in publish producer_id = 11 and product is Coffee(name='Arabica', price=9, acidity=5.02, roast_level='MEDIUM')
[2022-04-11T19:18:05] INFO publish returns False
[2022-04-11T19:18:05] INFO in publish producer_id = 41 and product is Tea(name='Pai Mu Tan', price=9, type='White')
[2022-04-11T19:18:05] INFO publish returns False
[2022-04-11T19:18:05] INFO in publish producer_id = 25 and product is Tea(name='English Breakfast', price=2, type='Black')
[2022-04-11T19:18:05] INFO publish returns False
[2022-04-11T19:18:05] INFO in publish producer_id = 43 and product is Coffee(name='Indonezia', price=1, acidity=5.05, roast_level='MEDIUM')
[2022-04-11T19:18:05] INFO publish returns False
[2022-04-11T19:18:05] INFO in publish producer_id = 19 and product is Coffee(name='Arabica', price=9, acidity=5.02, roast_level='MEDIUM')
[2022-04-11T19:18:05] INFO publish returns False
[2022-04-11T19:18:05] INFO in publish producer_id = 48 and product is Tea(name='White Peach', price=5, type='White')
[2022-04-11T19:18:05] INFO publish returns False
[2022-04-11T19:18:05] INFO in publish producer_id = 31 and product is Coffee(name='Ethiopia', price=10, acidity=5.09, roast_level='MEDIUM')
[2022-04-11T19:18:05] INFO publish returns False
[2022-04-11T19:18:05] INFO in publish producer_id = 37 and product is Coffee(name='Arabica', price=9, acidity=5.02, roast_level='MEDIUM')
[2022-04-11T19:18:05] INFO publish returns False
[2022-04-11T19:18:05] INFO in publish producer_id = 33 and product is Tea(name='Pai Mu Tan', price=9, type='White')
[2022-04-11T19:18:05] INFO publish returns False
[2022-04-11T19:18:05] INFO in publish producer_id = 40 and product is Tea(name='White Peach', price=5, type='White')
[2022-04-11T19:18:05] INFO publish returns False
[2022-04-11T19:18:05] INFO in publish producer_id = 35 and product is Tea(name='Pai Mu Tan', price=9, type='White')
[2022-04-11T19:18:05] INFO publish returns False
[2022-04-11T19:18:05] INFO in publish producer_id = 44 and product is Coffee(name='Robusta', price=3, acidity=5.0, roast_level='MEDIUM')
[2022-04-11T19:18:05] INFO publish returns False
[2022-04-11T19:18:05] INFO in publish producer_id = 17 and product is Coffee(name='Indonezia', price=1, acidity=5.05, roast_level='MEDIUM')
[2022-04-11T19:18:05] INFO publish returns False
[2022-04-11T19:18:05] INFO in publish producer_id = 2 and product is Coffee(name='Indonezia', price=1, acidity=5.05, roast_level='MEDIUM')
[2022-04-11T19:18:05] INFO publish returns True
[2022-04-11T19:18:05] INFO in publish producer_id = 2 and product is Coffee(name='Indonezia', price=1, acidity=5.05, roast_level='MEDIUM')
[2022-04-11T19:18:05] INFO publish returns True
[2022-04-11T19:18:05] INFO in publish producer_id = 2 and product is Coffee(name='Indonezia', price=1, acidity=5.05, roast_level='MEDIUM')
[2022-04-11T19:18:05] INFO publish returns True
[2022-04-11T19:18:05] INFO in publish producer_id = 47 and product is Coffee(name='Robusta', price=3, acidity=5.0, roast_level='MEDIUM')
[2022-04-11T19:18:05] INFO publish returns False
[2022-04-11T19:18:05] INFO in publish producer_id = 18 and product is Tea(name='English Breakfast', price=2, type='Black')
[2022-04-11T19:18:05] INFO publish returns False
[2022-04-11T19:18:05] INFO in publish producer_id = 25 and product is Tea(name='English Breakfast', price=2, type='Black')
[2022-04-11T19:18:05] INFO publish returns False
[2022-04-11T19:18:05] INFO in publish producer_id = 45 and product is Coffee(name='Robusta', price=3, acidity=5.0, roast_level='MEDIUM')
[2022-04-11T19:18:05] INFO publish returns False
[2022-04-11T19:18:05] INFO in publish producer_id = 1 and product is Tea(name='White Peach', price=5, type='White')
[2022-04-11T19:18:05] INFO publish returns False
[2022-04-11T19:18:05] INFO in publish producer_id = 8 and product is Coffee(name='Indonezia', price=1, acidity=5.05, roast_level='MEDIUM')
[2022-04-11T19:18:05] INFO publish returns False
[2022-04-11T19:18:05] INFO in publish producer_id = 14 and product is Coffee(name='Robusta', price=3, acidity=5.0, roast_level='MEDIUM')
[2022-04-11T19:18:05] INFO publish returns False
[2022-04-11T19:18:05] INFO in publish producer_id = 6 and product is Coffee(name='Brasil', price=7, acidity=5.09, roast_level='MEDIUM')
[2022-04-11T19:18:05] INFO publish returns False
[2022-04-11T19:18:05] INFO in publish producer_id = 36 and product is Coffee(name='Arabica', price=9, acidity=5.02, roast_level='MEDIUM')
[2022-04-11T19:18:05] INFO publish returns False
[2022-04-11T19:18:05] INFO in publish producer_id = 22 and product is Coffee(name='Robusta', price=3, acidity=5.0, roast_level='MEDIUM')
[2022-04-11T19:18:05] INFO publish returns False
[2022-04-11T19:18:05] INFO in publish producer_id = 49 and product is Tea(name='English Breakfast', price=2, type='Black')
[2022-04-11T19:18:05] INFO publish returns False
[2022-04-11T19:18:05] INFO in publish producer_id = 34 and product is Tea(name='English Breakfast', price=2, type='Black')
[2022-04-11T19:18:05] INFO publish returns False
[2022-04-11T19:18:05] INFO in publish producer_id = 48 and product is Tea(name='White Peach', price=5, type='White')
[2022-04-11T19:18:05] INFO publish returns False
[2022-04-11T19:18:05] INFO in publish producer_id = 5 and product is Coffee(name='Robusta', price=3, acidity=5.0, roast_level='MEDIUM')
[2022-04-11T19:18:05] INFO publish returns False
[2022-04-11T19:18:05] INFO in publish producer_id = 25 and product is Tea(name='English Breakfast', price=2, type='Black')
[2022-04-11T19:18:05] INFO publish returns False
[2022-04-11T19:18:05] INFO in publish producer_id = 28 and product is Tea(name='Pai Mu Tan', price=9, type='White')
[2022-04-11T19:18:05] INFO publish returns False
[2022-04-11T19:18:05] INFO in publish producer_id = 12 and product is Coffee(name='Indonezia', price=1, acidity=5.05, roast_level='MEDIUM')
[2022-04-11T19:18:05] INFO publish returns False
[2022-04-11T19:18:05] INFO in publish producer_id = 20 and product is Tea(name='White Peach', price=5, type='White')
[2022-04-11T19:18:05] INFO publish returns False
[2022-04-11T19:18:05] INFO in publish producer_id = 32 and product is Coffee(name='Robusta', price=3, acidity=5.0, roast_level='MEDIUM')
[2022-04-11T19:18:05] INFO publish returns False
[2022-04-11T19:18:05] INFO in publish producer_id = 2 and product is Tea(name='English Breakfast', price=2, type='Black')
[2022-04-11T19:18:05] INFO publish returns True
[2022-04-11T19:18:05] INFO in publish producer_id = 11 and product is Coffee(name='Arabica', price=9, acidity=5.02, roast_level='MEDIUM')
[2022-04-11T19:18:05] INFO publish returns False
[2022-04-11T19:18:05] INFO in publish producer_id = 27 and product is Coffee(name='Brasil', price=7, acidity=5.09, roast_level='MEDIUM')
[2022-04-11T19:18:05] INFO publish returns False
[2022-04-11T19:18:05] INFO in publish producer_id = 45 and product is Coffee(name='Robusta', price=3, acidity=5.0, roast_level='MEDIUM')
[2022-04-11T19:18:05] INFO publish returns False
[2022-04-11T19:18:05] INFO in publish producer_id = 26 and product is Coffee(name='Arabica', price=9, acidity=5.02, roast_level='MEDIUM')
[2022-04-11T19:18:05] INFO publish returns False
[2022-04-11T19:18:05] INFO in publish producer_id = 24 and product is Coffee(name='Robusta', price=3, acidity=5.0, roast_level='MEDIUM')
[2022-04-11T19:18:05] INFO publish returns False
[2022-04-11T19:18:05] INFO in publish producer_id = 7 and product is Coffee(name='Indonezia', price=1, acidity=5.05, roast_level='MEDIUM')
[2022-04-11T19:18:05] INFO publish returns True
[2022-04-11T19:18:05] INFO in publish producer_id = 0 and product is Tea(name='Vietnam Oolong', price=10, type='Oolong')
[2022-04-11T19:18:05] INFO publish returns True
[2022-04-11T19:18:05] INFO in publish producer_id = 0 and product is Tea(name='Vietnam Oolong', price=10, type='Oolong')
[2022-04-11T19:18:05] INFO publish returns True
[2022-04-11T19:18:05] INFO in publish producer_id = 44 and product is Coffee(name='Robusta', price=3, acidity=5.0, roast_level='MEDIUM')
[2022-04-11T19:18:05] INFO publish returns False
[2022-04-11T19:18:05] INFO in publish producer_id = 17 and product is Coffee(name='Indonezia', price=1, acidity=5.05, roast_level='MEDIUM')
[2022-04-11T19:18:05] INFO publish returns False
[2022-04-11T19:18:05] INFO in publish producer_id = 43 and product is Coffee(name='Indonezia', price=1, acidity=5.05, roast_level='MEDIUM')
[2022-04-11T19:18:05] INFO publish returns False
[2022-04-11T19:18:05] INFO in publish producer_id = 33 and product is Tea(name='Pai Mu Tan', price=9, type='White')
[2022-04-11T19:18:05] INFO publish returns False
[2022-04-11T19:18:05] INFO in publish producer_id = 1 and product is Tea(name='White Peach', price=5, type='White')
[2022-04-11T19:18:05] INFO publish returns False
[2022-04-11T19:18:05] INFO in publish producer_id = 36 and product is Coffee(name='Arabica', price=9, acidity=5.02, roast_level='MEDIUM')
[2022-04-11T19:18:05] INFO publish returns False
[2022-04-11T19:18:05] INFO in publish producer_id = 14 and product is Coffee(name='Robusta', price=3, acidity=5.0, roast_level='MEDIUM')
[2022-04-11T19:18:05] INFO publish returns False
[2022-04-11T19:18:05] INFO in publish producer_id = 6 and product is Coffee(name='Brasil', price=7, acidity=5.09, roast_level='MEDIUM')
[2022-04-11T19:18:05] INFO publish returns False
[2022-04-11T19:18:05] INFO in publish producer_id = 8 and product is Coffee(name='Indonezia', price=1, acidity=5.05, roast_level='MEDIUM')
[2022-04-11T19:18:05] INFO publish returns False
[2022-04-11T19:18:05] INFO in publish producer_id = 25 and product is Tea(name='English Breakfast', price=2, type='Black')
[2022-04-11T19:18:05] INFO publish returns False
[2022-04-11T19:18:05] INFO in publish producer_id = 30 and product is Coffee(name='Robusta', price=3, acidity=5.0, roast_level='MEDIUM')
[2022-04-11T19:18:05] INFO publish returns False
[2022-04-11T19:18:05] INFO in publish producer_id = 48 and product is Tea(name='White Peach', price=5, type='White')
[2022-04-11T19:18:05] INFO publish returns False
[2022-04-11T19:18:05] INFO in publish producer_id = 35 and product is Tea(name='Pai Mu Tan', price=9, type='White')
[2022-04-11T19:18:05] INFO publish returns False
[2022-04-11T19:18:05] INFO in publish producer_id = 10 and product is Coffee(name='Robusta', price=3, acidity=5.0, roast_level='MEDIUM')
[2022-04-11T19:18:05] INFO publish returns False
[2022-04-11T19:18:05] INFO in add_to_cart cart_id = 576 and product = Tea(name='Jasmine', price=6, type='Green')
[2022-04-11T19:18:05] INFO add_to_cart returns False
[2022-04-11T19:18:05] INFO in publish producer_id = 37 and product is Coffee(name='Arabica', price=9, acidity=5.02, roast_level='MEDIUM')
[2022-04-11T19:18:05] INFO publish returns False
[2022-04-11T19:18:05] INFO in publish producer_id = 34 and product is Tea(name='English Breakfast', price=2, type='Black')
[2022-04-11T19:18:05] INFO publish returns False
[2022-04-11T19:18:05] INFO in publish producer_id = 25 and product is Tea(name='English Breakfast', price=2, type='Black')
[2022-04-11T19:18:05] INFO publish returns False
[2022-04-11T19:18:05] INFO in publish producer_id = 41 and product is Tea(name='Pai Mu Tan', price=9, type='White')
[2022-04-11T19:18:05] INFO publish returns False
[2022-04-11T19:18:05] INFO in publish producer_id = 45 and product is Coffee(name='Robusta', price=3, acidity=5.0, roast_level='MEDIUM')
[2022-04-11T19:18:05] INFO publish returns False
[2022-04-11T19:18:05] INFO in publish producer_id = 4 and product is Tea(name='White Peach', price=5, type='White')
[2022-04-11T19:18:05] INFO publish returns False
[2022-04-11T19:18:05] INFO in publish producer_id = 38 and product is Coffee(name='Ethiopia', price=10, acidity=5.09, roast_level='MEDIUM')
[2022-04-11T19:18:05] INFO publish returns False
[2022-04-11T19:18:05] INFO in publish producer_id = 31 and product is Coffee(name='Ethiopia', price=10, acidity=5.09, roast_level='MEDIUM')
[2022-04-11T19:18:05] INFO publish returns False
[2022-04-11T19:18:05] INFO in publish producer_id = 36 and product is Coffee(name='Arabica', price=9, acidity=5.02, roast_level='MEDIUM')
[2022-04-11T19:18:05] INFO publish returns False
[2022-04-11T19:18:05] INFO in publish producer_id = 22 and product is Coffee(name='Robusta', price=3, acidity=5.0, roast_level='MEDIUM')
[2022-04-11T19:18:05] INFO publish returns False
[2022-04-11T19:18:05] INFO in publish producer_id = 6 and product is Coffee(name='Brasil', price=7, acidity=5.09, roast_level='MEDIUM')
[2022-04-11T19:18:05] INFO publish returns False
[2022-04-11T19:18:05] INFO in publish producer_id = 48 and product is Tea(name='White Peach', price=5, type='White')
[2022-04-11T19:18:05] INFO publish returns False
[2022-04-11T19:18:05] INFO in publish producer_id = 3 and product is Tea(name='Pai Mu Tan', price=9, type='White')
[2022-04-11T19:18:05] INFO publish returns False
[2022-04-11T19:18:05] INFO in publish producer_id = 8 and product is Coffee(name='Indonezia', price=1, acidity=5.05, roast_level='MEDIUM')
[2022-04-11T19:18:05] INFO publish returns False
[2022-04-11T19:18:05] INFO in publish producer_id = 14 and product is Coffee(name='Robusta', price=3, acidity=5.0, roast_level='MEDIUM')
[2022-04-11T19:18:05] INFO publish returns False
[2022-04-11T19:18:05] INFO in publish producer_id = 1 and product is Tea(name='White Peach', price=5, type='White')
[2022-04-11T19:18:05] INFO publish returns False
[2022-04-11T19:18:05] INFO in publish producer_id = 17 and product is Coffee(name='Indonezia', price=1, acidity=5.05, roast_level='MEDIUM')
[2022-04-11T19:18:05] INFO publish returns False
[2022-04-11T19:18:05] INFO in publish producer_id = 44 and product is Coffee(name='Robusta', price=3, acidity=5.0, roast_level='MEDIUM')
[2022-04-11T19:18:05] INFO publish returns False
[2022-04-11T19:18:05] INFO in publish producer_id = 49 and product is Tea(name='English Breakfast', price=2, type='Black')
[2022-04-11T19:18:05] INFO publish returns False
[2022-04-11T19:18:05] INFO in publish producer_id = 13 and product is Tea(name='Vietnam Oolong', price=10, type='Oolong')
[2022-04-11T19:18:05] INFO publish returns False
[2022-04-11T19:18:05] INFO in publish producer_id = 25 and product is Tea(name='English Breakfast', price=2, type='Black')
[2022-04-11T19:18:05] INFO publish returns False
[2022-04-11T19:18:05] INFO in publish producer_id = 20 and product is Tea(name='White Peach', price=5, type='White')
[2022-04-11T19:18:05] INFO publish returns False
[2022-04-11T19:18:05] INFO in publish producer_id = 11 and product is Coffee(name='Arabica', price=9, acidity=5.02, roast_level='MEDIUM')
[2022-04-11T19:18:05] INFO publish returns False
[2022-04-11T19:18:05] INFO in publish producer_id = 47 and product is Coffee(name='Robusta', price=3, acidity=5.0, roast_level='MEDIUM')
[2022-04-11T19:18:05] INFO publish returns False
[2022-04-11T19:18:05] INFO in publish producer_id = 9 and product is Coffee(name='Brasil', price=7, acidity=5.09, roast_level='MEDIUM')
[2022-04-11T19:18:05] INFO publish returns False
[2022-04-11T19:18:05] INFO in publish producer_id = 32 and product is Coffee(name='Robusta', price=3, acidity=5.0, roast_level='MEDIUM')
[2022-04-11T19:18:05] INFO publish returns False
[2022-04-11T19:18:05] INFO in publish producer_id = 33 and product is Tea(name='Pai Mu Tan', price=9, type='White')
[2022-04-11T19:18:05] INFO publish returns False
[2022-04-11T19:18:05] INFO in publish producer_id = 16 and product is Tea(name='Pai Mu Tan', price=9, type='White')
[2022-04-11T19:18:05] INFO publish returns False
[2022-04-11T19:18:05] INFO in publish producer_id = 19 and product is Coffee(name='Arabica', price=9, acidity=5.02, roast_level='MEDIUM')
[2022-04-11T19:18:05] INFO publish returns False
[2022-04-11T19:18:05] INFO in publish producer_id = 15 and product is Tea(name='Jasmine', price=6, type='Green')
[2022-04-11T19:18:05] INFO publish returns False
[2022-04-11T19:18:05] INFO in publish producer_id = 21 and product is Tea(name='White Peach', price=5, type='White')
[2022-04-11T19:18:05] INFO publish returns False
[2022-04-11T19:18:05] INFO in publish producer_id = 43 and product is Coffee(name='Indonezia', price=1, acidity=5.05, roast_level='MEDIUM')
[2022-04-11T19:18:05] INFO publish returns False
[2022-04-11T19:18:05] INFO in publish producer_id = 2 and product is Tea(name='Jasmine', price=6, type='Green')
[2022-04-11T19:18:05] INFO publish returns True
[2022-04-11T19:18:05] INFO in publish producer_id = 2 and product is Tea(name='Jasmine', price=6, type='Green')
[2022-04-11T19:18:05] INFO publish returns True
[2022-04-11T19:18:05] INFO in publish producer_id = 29 and product is Coffee(name='Ethiopia', price=10, acidity=5.09, roast_level='MEDIUM')
[2022-04-11T19:18:05] INFO publish returns False
[2022-04-11T19:18:05] INFO in publish producer_id = 45 and product is Coffee(name='Robusta', price=3, acidity=5.0, roast_level='MEDIUM')
[2022-04-11T19:18:05] INFO publish returns False
[2022-04-11T19:18:05] INFO in publish producer_id = 35 and product is Tea(name='Pai Mu Tan', price=9, type='White')
[2022-04-11T19:18:05] INFO publish returns False
[2022-04-11T19:18:05] INFO in publish producer_id = 40 and product is Tea(name='White Peach', price=5, type='White')
[2022-04-11T19:18:05] INFO publish returns False
[2022-04-11T19:18:05] INFO in publish producer_id = 25 and product is Tea(name='English Breakfast', price=2, type='Black')
[2022-04-11T19:18:05] INFO publish returns False
[2022-04-11T19:18:05] INFO in publish producer_id = 48 and product is Tea(name='White Peach', price=5, type='White')
[2022-04-11T19:18:05] INFO publish returns False
[2022-04-11T19:18:05] INFO in publish producer_id = 23 and product is Coffee(name='Ethiopia', price=10, acidity=5.09, roast_level='MEDIUM')
[2022-04-11T19:18:05] INFO publish returns False
[2022-04-11T19:18:05] INFO in publish producer_id = 46 and product is Tea(name='Vietnam Oolong', price=10, type='Oolong')
[2022-04-11T19:18:05] INFO publish returns False
[2022-04-11T19:18:05] INFO in publish producer_id = 36 and product is Coffee(name='Arabica', price=9, acidity=5.02, roast_level='MEDIUM')
[2022-04-11T19:18:05] INFO publish returns False
[2022-04-11T19:18:05] INFO in publish producer_id = 6 and product is Coffee(name='Brasil', price=7, acidity=5.09, roast_level='MEDIUM')
[2022-04-11T19:18:05] INFO publish returns False
[2022-04-11T19:18:05] INFO in publish producer_id = 26 and product is Coffee(name='Arabica', price=9, acidity=5.02, roast_level='MEDIUM')
[2022-04-11T19:18:05] INFO publish returns False
[2022-04-11T19:18:05] INFO in publish producer_id = 39 and product is Tea(name='English Breakfast', price=2, type='Black')
[2022-04-11T19:18:05] INFO publish returns False
[2022-04-11T19:18:05] INFO in publish producer_id = 34 and product is Tea(name='English Breakfast', price=2, type='Black')
[2022-04-11T19:18:05] INFO publish returns False
[2022-04-11T19:18:05] INFO in publish producer_id = 42 and product is Tea(name='English Breakfast', price=2, type='Black')
[2022-04-11T19:18:05] INFO publish returns False
[2022-04-11T19:18:05] INFO in publish producer_id = 37 and product is Coffee(name='Arabica', price=9, acidity=5.02, roast_level='MEDIUM')
[2022-04-11T19:18:05] INFO publish returns False
[2022-04-11T19:18:05] INFO in publish producer_id = 14 and product is Coffee(name='Robusta', price=3, acidity=5.0, roast_level='MEDIUM')
[2022-04-11T19:18:05] INFO publish returns False
[2022-04-11T19:18:05] INFO in publish producer_id = 8 and product is Coffee(name='Indonezia', price=1, acidity=5.05, roast_level='MEDIUM')
[2022-04-11T19:18:05] INFO publish returns False
[2022-04-11T19:18:05] INFO in publish producer_id = 1 and product is Tea(name='White Peach', price=5, type='White')
[2022-04-11T19:18:05] INFO publish returns False
[2022-04-11T19:18:05] INFO in publish producer_id = 27 and product is Coffee(name='Brasil', price=7, acidity=5.09, roast_level='MEDIUM')
[2022-04-11T19:18:05] INFO publish returns False
[2022-04-11T19:18:05] INFO in publish producer_id = 5 and product is Coffee(name='Robusta', price=3, acidity=5.0, roast_level='MEDIUM')
[2022-04-11T19:18:05] INFO publish returns False
[2022-04-11T19:18:05] INFO in publish producer_id = 17 and product is Coffee(name='Indonezia', price=1, acidity=5.05, roast_level='MEDIUM')
[2022-04-11T19:18:05] INFO publish returns False
[2022-04-11T19:18:05] INFO in publish producer_id = 44 and product is Coffee(name='Robusta', price=3, acidity=5.0, roast_level='MEDIUM')
[2022-04-11T19:18:05] INFO publish returns False
[2022-04-11T19:18:05] INFO in publish producer_id = 25 and product is Tea(name='English Breakfast', price=2, type='Black')
[2022-04-11T19:18:05] INFO publish returns False
[2022-04-11T19:18:05] INFO in publish producer_id = 30 and product is Coffee(name='Robusta', price=3, acidity=5.0, roast_level='MEDIUM')
[2022-04-11T19:18:05] INFO publish returns False
[2022-04-11T19:18:06] INFO in publish producer_id = 45 and product is Coffee(name='Robusta', price=3, acidity=5.0, roast_level='MEDIUM')
[2022-04-11T19:18:06] INFO publish returns False
[2022-04-11T19:18:06] INFO in publish producer_id = 48 and product is Tea(name='White Peach', price=5, type='White')
[2022-04-11T19:18:06] INFO publish returns False
[2022-04-11T19:18:06] INFO in publish producer_id = 18 and product is Tea(name='English Breakfast', price=2, type='Black')
[2022-04-11T19:18:06] INFO publish returns False
[2022-04-11T19:18:06] INFO in publish producer_id = 11 and product is Coffee(name='Arabica', price=9, acidity=5.02, roast_level='MEDIUM')
[2022-04-11T19:18:06] INFO publish returns False
[2022-04-11T19:18:06] INFO in publish producer_id = 33 and product is Tea(name='Pai Mu Tan', price=9, type='White')
[2022-04-11T19:18:06] INFO publish returns False
[2022-04-11T19:18:06] INFO in publish producer_id = 36 and product is Coffee(name='Arabica', price=9, acidity=5.02, roast_level='MEDIUM')
[2022-04-11T19:18:06] INFO publish returns False
[2022-04-11T19:18:06] INFO in publish producer_id = 22 and product is Coffee(name='Robusta', price=3, acidity=5.0, roast_level='MEDIUM')
[2022-04-11T19:18:06] INFO publish returns False
[2022-04-11T19:18:06] INFO in publish producer_id = 6 and product is Coffee(name='Brasil', price=7, acidity=5.09, roast_level='MEDIUM')
[2022-04-11T19:18:06] INFO publish returns False
[2022-04-11T19:18:06] INFO in publish producer_id = 20 and product is Tea(name='White Peach', price=5, type='White')
[2022-04-11T19:18:06] INFO publish returns False
[2022-04-11T19:18:06] INFO in publish producer_id = 25 and product is Tea(name='English Breakfast', price=2, type='Black')
[2022-04-11T19:18:06] INFO publish returns False
[2022-04-11T19:18:06] INFO in publish producer_id = 49 and product is Tea(name='English Breakfast', price=2, type='Black')
[2022-04-11T19:18:06] INFO publish returns False
[2022-04-11T19:18:06] INFO in publish producer_id = 41 and product is Tea(name='Pai Mu Tan', price=9, type='White')
[2022-04-11T19:18:06] INFO publish returns False
[2022-04-11T19:18:06] INFO in publish producer_id = 32 and product is Coffee(name='Robusta', price=3, acidity=5.0, roast_level='MEDIUM')
[2022-04-11T19:18:06] INFO publish returns False
[2022-04-11T19:18:06] INFO in publish producer_id = 8 and product is Coffee(name='Indonezia', price=1, acidity=5.05, roast_level='MEDIUM')
[2022-04-11T19:18:06] INFO publish returns False
[2022-04-11T19:18:06] INFO in publish producer_id = 14 and product is Coffee(name='Robusta', price=3, acidity=5.0, roast_level='MEDIUM')
[2022-04-11T19:18:06] INFO publish returns False
[2022-04-11T19:18:06] INFO in publish producer_id = 1 and product is Tea(name='White Peach', price=5, type='White')
[2022-04-11T19:18:06] INFO publish returns False
[2022-04-11T19:18:06] INFO in publish producer_id = 31 and product is Coffee(name='Ethiopia', price=10, acidity=5.09, roast_level='MEDIUM')
[2022-04-11T19:18:06] INFO publish returns False
[2022-04-11T19:18:06] INFO in publish producer_id = 35 and product is Tea(name='Pai Mu Tan', price=9, type='White')
[2022-04-11T19:18:06] INFO publish returns False
[2022-04-11T19:18:06] INFO in publish producer_id = 43 and product is Coffee(name='Indonezia', price=1, acidity=5.05, roast_level='MEDIUM')
[2022-04-11T19:18:06] INFO publish returns False
[2022-04-11T19:18:06] INFO in publish producer_id = 28 and product is Tea(name='Pai Mu Tan', price=9, type='White')
[2022-04-11T19:18:06] INFO publish returns False
[2022-04-11T19:18:06] INFO in publish producer_id = 2 and product is Coffee(name='Robusta', price=3, acidity=5.0, roast_level='MEDIUM')
[2022-04-11T19:18:06] INFO publish returns True
[2022-04-11T19:18:06] INFO in publish producer_id = 7 and product is Tea(name='Pai Mu Tan', price=9, type='White')
[2022-04-11T19:18:06] INFO publish returns True
[2022-04-11T19:18:06] INFO in publish producer_id = 34 and product is Tea(name='English Breakfast', price=2, type='Black')
[2022-04-11T19:18:06] INFO publish returns False
[2022-04-11T19:18:06] INFO in publish producer_id = 48 and product is Tea(name='White Peach', price=5, type='White')
[2022-04-11T19:18:06] INFO publish returns False
[2022-04-11T19:18:06] INFO in publish producer_id = 17 and product is Coffee(name='Indonezia', price=1, acidity=5.05, roast_level='MEDIUM')
[2022-04-11T19:18:06] INFO publish returns False
[2022-04-11T19:18:06] INFO in publish producer_id = 44 and product is Coffee(name='Robusta', price=3, acidity=5.0, roast_level='MEDIUM')
[2022-04-11T19:18:06] INFO publish returns False
[2022-04-11T19:18:06] INFO in publish producer_id = 12 and product is Coffee(name='Indonezia', price=1, acidity=5.05, roast_level='MEDIUM')
[2022-04-11T19:18:06] INFO publish returns False
[2022-04-11T19:18:06] INFO in publish producer_id = 45 and product is Coffee(name='Robusta', price=3, acidity=5.0, roast_level='MEDIUM')
[2022-04-11T19:18:06] INFO publish returns False
[2022-04-11T19:18:06] INFO in publish producer_id = 25 and product is Tea(name='English Breakfast', price=2, type='Black')
[2022-04-11T19:18:06] INFO publish returns False
[2022-04-11T19:18:06] INFO in publish producer_id = 10 and product is Coffee(name='Robusta', price=3, acidity=5.0, roast_level='MEDIUM')
[2022-04-11T19:18:06] INFO publish returns False
[2022-04-11T19:18:06] INFO in publish producer_id = 47 and product is Coffee(name='Robusta', price=3, acidity=5.0, roast_level='MEDIUM')
[2022-04-11T19:18:06] INFO publish returns False
[2022-04-11T19:18:06] INFO in publish producer_id = 36 and product is Coffee(name='Arabica', price=9, acidity=5.02, roast_level='MEDIUM')
[2022-04-11T19:18:06] INFO publish returns False
[2022-04-11T19:18:06] INFO in publish producer_id = 6 and product is Coffee(name='Brasil', price=7, acidity=5.09, roast_level='MEDIUM')
[2022-04-11T19:18:06] INFO publish returns False
[2022-04-11T19:18:06] INFO in publish producer_id = 4 and product is Tea(name='White Peach', price=5, type='White')
[2022-04-11T19:18:06] INFO publish returns False
[2022-04-11T19:18:06] INFO in publish producer_id = 37 and product is Coffee(name='Arabica', price=9, acidity=5.02, roast_level='MEDIUM')
[2022-04-11T19:18:06] INFO publish returns False
[2022-04-11T19:18:06] INFO in publish producer_id = 26 and product is Coffee(name='Arabica', price=9, acidity=5.02, roast_level='MEDIUM')
[2022-04-11T19:18:06] INFO publish returns False
[2022-04-11T19:18:06] INFO in publish producer_id = 24 and product is Coffee(name='Robusta', price=3, acidity=5.0, roast_level='MEDIUM')
[2022-04-11T19:18:06] INFO publish returns False
[2022-04-11T19:18:06] INFO in publish producer_id = 25 and product is Tea(name='English Breakfast', price=2, type='Black')
[2022-04-11T19:18:06] INFO publish returns False
[2022-04-11T19:18:06] INFO in publish producer_id = 33 and product is Tea(name='Pai Mu Tan', price=9, type='White')
[2022-04-11T19:18:06] INFO publish returns False
[2022-04-11T19:18:06] INFO in publish producer_id = 14 and product is Coffee(name='Robusta', price=3, acidity=5.0, roast_level='MEDIUM')
[2022-04-11T19:18:06] INFO publish returns False
[2022-04-11T19:18:06] INFO in publish producer_id = 8 and product is Coffee(name='Indonezia', price=1, acidity=5.05, roast_level='MEDIUM')
[2022-04-11T19:18:06] INFO publish returns False
[2022-04-11T19:18:06] INFO in publish producer_id = 1 and product is Tea(name='White Peach', price=5, type='White')
[2022-04-11T19:18:06] INFO publish returns False
[2022-04-11T19:18:06] INFO in publish producer_id = 48 and product is Tea(name='White Peach', price=5, type='White')
[2022-04-11T19:18:06] INFO publish returns False
[2022-04-11T19:18:06] INFO in publish producer_id = 11 and product is Coffee(name='Arabica', price=9, acidity=5.02, roast_level='MEDIUM')
[2022-04-11T19:18:06] INFO publish returns False
[2022-04-11T19:18:06] INFO in publish producer_id = 0 and product is Tea(name='White Peach', price=5, type='White')
[2022-04-11T19:18:06] INFO publish returns True
[2022-04-11T19:18:06] INFO in publish producer_id = 45 and product is Coffee(name='Robusta', price=3, acidity=5.0, roast_level='MEDIUM')
[2022-04-11T19:18:06] INFO publish returns False
[2022-04-11T19:18:06] INFO in publish producer_id = 20 and product is Tea(name='White Peach', price=5, type='White')
[2022-04-11T19:18:06] INFO publish returns False
[2022-04-11T19:18:06] INFO in add_to_cart cart_id = 576 and product = Tea(name='Jasmine', price=6, type='Green')
[2022-04-11T19:18:06] INFO add_to_cart returns True
[2022-04-11T19:18:06] INFO in add_to_cart cart_id = 576 and product = Tea(name='Jasmine', price=6, type='Green')
[2022-04-11T19:18:06] INFO add_to_cart returns True
[2022-04-11T19:18:06] INFO in place_order cart_id = 576
[2022-04-11T19:18:06] INFO place_order returns [Tea(name='Jasmine', price=6, type='Green'), Tea(name='Jasmine', price=6, type='Green'), Tea(name='Jasmine', price=6, type='Green')]
[2022-04-11T19:18:06] INFO new_cart returns 577
[2022-04-11T19:18:06] INFO in add_to_cart cart_id = 577 and product = Coffee(name='Robusta', price=3, acidity=5.0, roast_level='MEDIUM')
[2022-04-11T19:18:06] INFO add_to_cart returns True
[2022-04-11T19:18:06] INFO in add_to_cart cart_id = 577 and product = Coffee(name='Robusta', price=3, acidity=5.0, roast_level='MEDIUM')
[2022-04-11T19:18:06] INFO add_to_cart returns True
[2022-04-11T19:18:06] INFO in add_to_cart cart_id = 577 and product = Coffee(name='Robusta', price=3, acidity=5.0, roast_level='MEDIUM')
[2022-04-11T19:18:06] INFO add_to_cart returns True
[2022-04-11T19:18:06] INFO in place_order cart_id = 577
[2022-04-11T19:18:06] INFO place_order returns [Coffee(name='Robusta', price=3, acidity=5.0, roast_level='MEDIUM'), Coffee(name='Robusta', price=3, acidity=5.0, roast_level='MEDIUM'), Coffee(name='Robusta', price=3, acidity=5.0, roast_level='MEDIUM')]
